<?xml version="1.0" encoding="UTF-8"?>
<testsuite xmlns:xsi="http://www.w3.org/2001/XMLSchema-instance" xsi:noNamespaceSchemaLocation="https://maven.apache.org/surefire/maven-surefire-plugin/xsd/surefire-test-report.xsd" name="com.example.demo.DemoApplicationTests" time="0.01" tests="1" errors="1" skipped="0" failures="0">
  <properties>
[...]
</properties>
  <testcase name="com.example.demo.DemoApplicationTests" classname="com.example.demo.DemoApplicationTests" time="0.006">
    <error message="Type org.springframework.test.context.junit.jupiter.SpringExtension not present" type="java.lang.TypeNotPresentException">java.lang.TypeNotPresentException: Type org.springframework.test.context.junit.jupiter.SpringExtension not present
Caused by: java.lang.ClassNotFoundException: org.springframework.test.context.junit.jupiter.SpringExtension
</error>
  </testcase>
</testsuite>